# JRE version: OpenJDK Runtime Environment Temurin-17.0.4.1+1 (17.0.4.1+1) (build 17.0.4.1+1)
# Java VM: OpenJDK 64-Bit Server VM Temurin-17.0.4.1+1 (17.0.4.1+1, mixed mode, emulated-client, tiered, compressed oops, compressed class ptrs, g1 gc, windows-amd64)
GC Precious Log:
 CPUs: 8 total, 8 available
 Memory: 16167M
 Large Page Support: Disabled
 NUMA Support: Disabled
 Compressed Oops: Enabled (Zero based)
 Heap Region Size: 2M
 Heap Min Capacity: 8M
 Heap Initial Capacity: 254M
 Heap Max Capacity: 4042M
 Pre-touch: Disabled
 Parallel Workers: 8
 Concurrent Workers: 2
 Concurrent Refinement Workers: 8
 Periodic GC: Disabled
Heap:
 garbage-first heap   total 96256K, used 26666K [0x0000000703600000, 0x0000000800000000)
  region size 2048K, 1 young (2048K), 0 survivors (0K)
 Metaspace       used 46725K, committed 47168K, reserved 1089536K
  class space    used 6360K, committed 6528K, reserved 1048576K
GC Heap History (20 events):
Event: 2698.106 GC heap before
{Heap before GC invocations=272 (full 246):
 garbage-first heap   total 96256K, used 26674K [0x0000000703600000, 0x0000000800000000)
  region size 2048K, 1 young (2048K), 0 survivors (0K)
 Metaspace       used 46725K, committed 47168K, reserved 1089536K
  class space    used 6360K, committed 6528K, reserved 1048576K
}
Event: 2698.203 GC heap after
{Heap after GC invocations=273 (full 247):
 garbage-first heap   total 96256K, used 26674K [0x0000000703600000, 0x0000000800000000)
  region size 2048K, 0 young (0K), 0 survivors (0K)
 Metaspace       used 46725K, committed 47168K, reserved 1089536K
  class space    used 6360K, committed 6528K, reserved 1048576K
}
Event: 2708.708 GC heap before
{Heap before GC invocations=273 (full 247):
 garbage-first heap   total 96256K, used 26674K [0x0000000703600000, 0x0000000800000000)
  region size 2048K, 1 young (2048K), 0 survivors (0K)
 Metaspace       used 46725K, committed 47168K, reserved 1089536K
  class space    used 6360K, committed 6528K, reserved 1048576K
}
Event: 2708.807 GC heap after
{Heap after GC invocations=274 (full 248):
 garbage-first heap   total 96256K, used 26674K [0x0000000703600000, 0x0000000800000000)
  region size 2048K, 0 young (0K), 0 survivors (0K)
 Metaspace       used 46725K, committed 47168K, reserved 1089536K
  class space    used 6360K, committed 6528K, reserved 1048576K
}
Event: 2719.348 GC heap before
{Heap before GC invocations=274 (full 248):
 garbage-first heap   total 96256K, used 26674K [0x0000000703600000, 0x0000000800000000)
  region size 2048K, 1 young (2048K), 0 survivors (0K)
 Metaspace       used 46725K, committed 47168K, reserved 1089536K
  class space    used 6360K, committed 6528K, reserved 1048576K
}
Event: 2719.445 GC heap after
{Heap after GC invocations=275 (full 249):
 garbage-first heap   total 96256K, used 26675K [0x0000000703600000, 0x0000000800000000)
  region size 2048K, 0 young (0K), 0 survivors (0K)
 Metaspace       used 46725K, committed 47168K, reserved 1089536K
  class space    used 6360K, committed 6528K, reserved 1048576K
}
Event: 2729.902 GC heap before
{Heap before GC invocations=275 (full 249):
 garbage-first heap   total 96256K, used 26675K [0x0000000703600000, 0x0000000800000000)
  region size 2048K, 1 young (2048K), 0 survivors (0K)
 Metaspace       used 46725K, committed 47168K, reserved 1089536K
  class space    used 6360K, committed 6528K, reserved 1048576K
}
Event: 2729.998 GC heap after
{Heap after GC invocations=276 (full 250):
 garbage-first heap   total 96256K, used 26666K [0x0000000703600000, 0x0000000800000000)
  region size 2048K, 0 young (0K), 0 survivors (0K)
 Metaspace       used 46725K, committed 47168K, reserved 1089536K
  class space    used 6360K, committed 6528K, reserved 1048576K
}
Event: 2740.547 GC heap before
{Heap before GC invocations=276 (full 250):
 garbage-first heap   total 96256K, used 26666K [0x0000000703600000, 0x0000000800000000)
  region size 2048K, 1 young (2048K), 0 survivors (0K)
 Metaspace       used 46725K, committed 47168K, reserved 1089536K
  class space    used 6360K, committed 6528K, reserved 1048576K
}
Event: 2740.645 GC heap after
{Heap after GC invocations=277 (full 251):
 garbage-first heap   total 96256K, used 26666K [0x0000000703600000, 0x0000000800000000)
  region size 2048K, 0 young (0K), 0 survivors (0K)
 Metaspace       used 46725K, committed 47168K, reserved 1089536K
  class space    used 6360K, committed 6528K, reserved 1048576K
}
Event: 2751.144 GC heap before
{Heap before GC invocations=277 (full 251):
 garbage-first heap   total 96256K, used 26666K [0x0000000703600000, 0x0000000800000000)
  region size 2048K, 1 young (2048K), 0 survivors (0K)
 Metaspace       used 46725K, committed 47168K, reserved 1089536K
  class space    used 6360K, committed 6528K, reserved 1048576K
}
Event: 2751.229 GC heap after
{Heap after GC invocations=278 (full 252):
 garbage-first heap   total 96256K, used 26666K [0x0000000703600000, 0x0000000800000000)
  region size 2048K, 0 young (0K), 0 survivors (0K)
 Metaspace       used 46725K, committed 47168K, reserved 1089536K
  class space    used 6360K, committed 6528K, reserved 1048576K
}
Event: 2761.740 GC heap before
{Heap before GC invocations=278 (full 252):
 garbage-first heap   total 96256K, used 26666K [0x0000000703600000, 0x0000000800000000)
  region size 2048K, 1 young (2048K), 0 survivors (0K)
 Metaspace       used 46725K, committed 47168K, reserved 1089536K
  class space    used 6360K, committed 6528K, reserved 1048576K
}
Event: 2761.840 GC heap after
{Heap after GC invocations=279 (full 253):
 garbage-first heap   total 96256K, used 26666K [0x0000000703600000, 0x0000000800000000)
  region size 2048K, 0 young (0K), 0 survivors (0K)
 Metaspace       used 46725K, committed 47168K, reserved 1089536K
  class space    used 6360K, committed 6528K, reserved 1048576K
}
Event: 2772.368 GC heap before
{Heap before GC invocations=279 (full 253):
 garbage-first heap   total 96256K, used 26666K [0x0000000703600000, 0x0000000800000000)
  region size 2048K, 1 young (2048K), 0 survivors (0K)
 Metaspace       used 46725K, committed 47168K, reserved 1089536K
  class space    used 6360K, committed 6528K, reserved 1048576K
}
Event: 2772.463 GC heap after
{Heap after GC invocations=280 (full 254):
 garbage-first heap   total 96256K, used 26666K [0x0000000703600000, 0x0000000800000000)
  region size 2048K, 0 young (0K), 0 survivors (0K)
 Metaspace       used 46725K, committed 47168K, reserved 1089536K
  class space    used 6360K, committed 6528K, reserved 1048576K
}
Event: 2783.002 GC heap before
{Heap before GC invocations=280 (full 254):
 garbage-first heap   total 96256K, used 26666K [0x0000000703600000, 0x0000000800000000)
  region size 2048K, 1 young (2048K), 0 survivors (0K)
 Metaspace       used 46725K, committed 47168K, reserved 1089536K
  class space    used 6360K, committed 6528K, reserved 1048576K
}
Event: 2783.095 GC heap after
{Heap after GC invocations=281 (full 255):
 garbage-first heap   total 96256K, used 26666K [0x0000000703600000, 0x0000000800000000)
  region size 2048K, 0 young (0K), 0 survivors (0K)
 Metaspace       used 46725K, committed 47168K, reserved 1089536K
  class space    used 6360K, committed 6528K, reserved 1048576K
}
Event: 2793.655 GC heap before
{Heap before GC invocations=281 (full 255):
 garbage-first heap   total 96256K, used 26666K [0x0000000703600000, 0x0000000800000000)
  region size 2048K, 1 young (2048K), 0 survivors (0K)
 Metaspace       used 46725K, committed 47168K, reserved 1089536K
  class space    used 6360K, committed 6528K, reserved 1048576K
}
Event: 2793.747 GC heap after
{Heap after GC invocations=282 (full 256):
 garbage-first heap   total 96256K, used 26666K [0x0000000703600000, 0x0000000800000000)
  region size 2048K, 0 young (0K), 0 survivors (0K)
 Metaspace       used 46725K, committed 47168K, reserved 1089536K
  class space    used 6360K, committed 6528K, reserved 1048576K
}

